<?xml version="1.0" encoding="UTF-8"?>
<!-- Generated by org.testng.reporters.JUnitXMLReporter -->
<testsuite hostname="PSAPAC518" ignored="0" name="Sales V7 QA" tests="14" failures="1" timestamp="29 Jul 2019 04:21:19 GMT" time="96.219" errors="0">
  <testcase name="login_backend" time="9.239" classname="test.qaSales_V7"/>
  <testcase name="goToAJob" time="3.68" classname="test.qaSales_V7"/>
  <testcase name="goToACandidateInJob" time="36.276" classname="test.qaSales_V7">
    <failure type="java.lang.Exception" message="APPLICATION tab not working">
      <![CDATA[java.lang.Exception: APPLICATION tab not working
at test.qaSales_V7.goToACandidateInJob(qaSales_V7.java:196)
at java.util.concurrent.FutureTask.run(Unknown Source)
at java.util.concurrent.ThreadPoolExecutor.runWorker(Unknown Source)
at java.util.concurrent.ThreadPoolExecutor$Worker.run(Unknown Source)
at java.lang.Thread.run(Unknown Source)
... Removed 16 stack frames]]>
    </failure>
  </testcase> <!-- goToACandidateInJob -->
  <testcase name="externalSearch" time="3.951" classname="test.qaSales_V7"/>
  <testcase name="EmailInbox" time="1.957" classname="test.qaSales_V7"/>
  <testcase name="Interviews" time="7.11" classname="test.qaSales_V7"/>
  <testcase name="jobRequest" time="3.16" classname="test.qaSales_V7"/>
  <testcase name="TalentFolderProcessesr" time="4.358" classname="test.qaSales_V7"/>
  <testcase name="Locations" time="4.599" classname="test.qaSales_V7"/>
  <testcase name="HiringManagerFeedback" time="2.161" classname="test.qaSales_V7"/>
  <testcase name="Holiday" time="2.149" classname="test.qaSales_V7"/>
  <testcase name="EmailQueueAdmin" time="6.138" classname="test.qaSales_V7"/>
  <testcase name="OrbeonForm" time="4.768" classname="test.qaSales_V7"/>
  <testcase name="DocumentTemplates" time="6.21" classname="test.qaSales_V7"/>
</testsuite> <!-- Sales V7 QA -->
